[2021-03-27T13:04:24.031] [INFO] default - First log ever.
[2021-03-27T13:10:07.263] [INFO] default - First log ever.
[2021-03-27T13:10:16.931] [INFO] default - First log ever.
[2021-03-27T13:16:04.671] [INFO] default - First log ever.
[2021-03-27T13:17:09.019] [INFO] default - First log ever.
[2021-03-27T13:17:15.422] [INFO] default - First log ever.
[2021-03-27T13:17:21.523] [INFO] default - First log ever.
[2021-03-27T13:23:34.047] [INFO] default - First log ever.
[2021-03-27T13:23:52.767] [INFO] default - First log ever.
[2021-03-27T13:24:32.873] [INFO] default - First log ever.
[2021-03-27T13:25:23.049] [INFO] default - First log received by angular.
[2021-03-27T13:35:54.421] [INFO] default - First log received by angular.
[2021-03-27T13:35:57.134] [INFO] default - First log received by angular.
[2021-03-27T13:35:57.650] [INFO] default - First log received by angular.
[2021-03-27T13:36:15.318] [INFO] default - First log received by angular.
[2021-03-27T13:36:27.319] [INFO] default - First log received by angular.
[2021-03-27T13:36:58.931] [INFO] default - First log received by angular.
[2021-03-27T13:38:21.994] [INFO] default - First log received by angular.
[2021-03-27T13:39:00.820] [INFO] default - First log received by angular.
[2021-03-27T13:41:28.062] [INFO] default - First log received by angular.
[2021-03-27T13:42:06.541] [INFO] default - First log received by angular.
[2021-03-27T13:44:01.184] [INFO] default - First log received by angular.
[2021-03-27T15:05:10.644] [INFO] default - First log received by angular.
[2021-03-27T15:05:29.490] [INFO] default - First log received by angular.
[2021-03-27T15:08:37.232] [INFO] default - First log received by angular.
[2021-03-27T15:08:58.927] [INFO] default - First log received by angular.
[2021-03-27T15:09:20.689] [INFO] default - First log received by angular.
[2021-03-27T15:12:36.420] [INFO] default - First log received by angular.
[2021-03-27T15:25:34.896] [INFO] default - First log received by angular.
[2021-03-27T15:25:47.677] [INFO] default - First log received by angular.
[2021-03-27T15:26:04.747] [INFO] default - First log received by angular.
[2021-03-27T15:26:29.188] [INFO] default - First log received by angular.
[2021-03-27T15:26:51.543] [INFO] default - First log received by angular.
[2021-03-27T15:26:56.698] [INFO] default - First log received by angular.
[2021-03-27T15:27:12.989] [INFO] default - First log received by angular.
[2021-03-27T15:33:59.372] [INFO] default - First log received by angular.
[2021-03-27T15:34:47.998] [INFO] default - First log received by angular.
[2021-03-27T15:34:51.943] [INFO] default - First log received by angular.
[2021-03-27T15:38:50.142] [INFO] default - First log received by angular.
[2021-03-27T15:38:55.292] [INFO] default - First log received by angular.
[2021-03-27T15:39:38.106] [INFO] default - First log received by angular.
[2021-03-27T15:39:46.634] [INFO] default - First log received by angular.
[2021-03-27T15:41:14.064] [INFO] default - First log received by angular.
[2021-03-27T15:41:35.990] [INFO] default - First log received by angular.
[2021-03-27T15:41:49.618] [INFO] default - First log received by angular.
[2021-03-27T15:41:54.417] [INFO] default - First log received by angular.
[2021-03-27T15:44:25.865] [INFO] default - First log received by angular.
[2021-03-27T15:46:51.211] [INFO] default - First log received by angular.
[2021-03-27T15:48:58.443] [INFO] default - First log received by angular.
[2021-03-27T15:50:09.719] [INFO] default - First log received by angular.
[2021-03-27T15:50:33.141] [INFO] default - First log received by angular.
[2021-03-27T15:51:24.003] [INFO] default - First log received by angular.
[2021-03-27T15:52:37.855] [INFO] default - First log received by angular.
[2021-03-27T15:53:25.473] [INFO] default - First log received by angular.
[2021-03-27T15:53:29.173] [INFO] default - First log received by angular.
[2021-03-27T15:54:04.465] [INFO] default - First log received by angular.
[2021-03-27T15:54:17.940] [INFO] default - First log received by angular.
[2021-03-27T15:54:33.242] [INFO] default - First log received by angular.
[2021-03-27T15:54:50.853] [INFO] default - First log received by angular.
[2021-03-27T15:54:59.453] [INFO] default - First log received by angular.
[2021-03-27T15:55:16.677] [INFO] default - First log received by angular.
[2021-03-27T15:55:29.107] [INFO] default - First log received by angular.
[2021-03-27T15:55:42.414] [INFO] default - First log received by angular.
[2021-03-27T15:55:59.300] [INFO] default - First log received by angular.
[2021-03-27T15:56:10.297] [INFO] default - First log received by angular.
[2021-03-27T15:56:26.491] [INFO] default - First log received by angular.
[2021-03-27T15:57:08.079] [INFO] default - First log received by angular.
[2021-03-27T15:57:37.918] [INFO] default - First log received by angular.
[2021-03-27T15:57:47.769] [INFO] default - First log received by angular.
[2021-03-27T15:58:01.872] [INFO] default - First log received by angular.
[2021-03-27T15:58:23.537] [INFO] default - First log received by angular.
[2021-03-27T15:59:26.577] [INFO] default - First log received by angular.
[2021-03-27T15:59:34.765] [INFO] default - First log received by angular.
[2021-03-27T16:00:22.044] [INFO] default - First log received by angular.
[2021-03-27T16:01:53.187] [INFO] default - First log received by angular.
[2021-03-27T16:03:34.850] [INFO] default - First log received by angular.
[2021-03-27T16:03:59.931] [INFO] default - First log received by angular.
[2021-03-27T16:07:02.008] [INFO] default - First log received by angular.
[2021-03-27T16:07:11.569] [INFO] default - First log received by angular.
[2021-03-27T16:07:26.690] [INFO] default - First log received by angular.
[2021-03-27T16:07:39.943] [INFO] default - First log received by angular.
[2021-03-27T16:08:02.448] [INFO] default - First log received by angular.
[2021-03-27T16:08:09.677] [INFO] default - First log received by angular.
[2021-03-27T16:09:56.935] [INFO] default - First log received by angular.
[2021-03-27T16:10:30.018] [INFO] default - First log received by angular.
[2021-03-27T16:10:36.439] [INFO] default - First log received by angular.
[2021-03-27T16:16:34.374] [INFO] default - First log received by angular.
[2021-03-27T16:18:12.052] [INFO] default - First log received by angular.
[2021-03-27T16:18:35.018] [INFO] default - First log received by angular.
[2021-03-27T16:18:39.706] [INFO] default - First log received by angular.
[2021-03-27T16:19:03.907] [INFO] default - First log received by angular.
[2021-03-27T16:19:38.688] [INFO] default - First log received by angular.
[2021-03-27T16:20:01.253] [INFO] default - First log received by angular.
[2021-03-27T16:20:09.816] [INFO] default - First log received by angular.
[2021-03-27T16:20:25.824] [INFO] default - First log received by angular.
[2021-03-27T16:20:33.871] [INFO] default - First log received by angular.
[2021-03-27T16:23:34.832] [INFO] default - First log received by angular.
[2021-03-27T16:23:43.587] [INFO] default - First log received by angular.
[2021-03-27T16:25:34.138] [INFO] default - First log received by angular.
[2021-03-27T16:25:39.527] [INFO] default - First log received by angular.
[2021-03-27T16:25:46.097] [INFO] default - First log received by angular.
[2021-03-27T16:25:52.402] [INFO] default - First log received by angular.
[2021-03-27T16:26:06.347] [INFO] default - First log received by angular.
[2021-03-27T16:26:08.525] [INFO] default - First log received by angular.
[2021-03-27T16:26:10.970] [INFO] default - First log received by angular.
[2021-03-27T16:29:43.346] [INFO] default - First log received by angular.
[2021-03-27T16:31:03.802] [INFO] default - First log received by angular.
[2021-03-27T16:31:09.940] [INFO] default - First log received by angular.
[2021-03-27T16:31:41.426] [INFO] default - First log received by angular.
[2021-03-27T16:32:15.591] [INFO] default - First log received by angular.
[2021-03-27T16:32:33.686] [INFO] default - First log received by angular.
[2021-03-27T16:33:03.607] [INFO] default - First log received by angular.
[2021-03-27T16:33:45.481] [INFO] default - First log received by angular.
[2021-03-27T16:33:49.021] [INFO] default - First log received by angular.
[2021-03-27T16:34:49.293] [INFO] default - First log received by angular.
[2021-03-27T16:34:51.375] [INFO] default - First log received by angular.
[2021-03-27T16:35:02.497] [INFO] default - First log received by angular.
[2021-03-27T16:35:18.498] [INFO] default - First log received by angular.
[2021-03-27T16:35:29.245] [INFO] default - First log received by angular.
[2021-03-27T16:35:39.601] [INFO] default - First log received by angular.
[2021-03-27T16:35:45.930] [INFO] default - First log received by angular.
[2021-03-27T16:35:47.529] [INFO] default - First log received by angular.
[2021-03-27T16:38:09.017] [INFO] default - First log received by angular.
[2021-03-27T16:38:19.053] [INFO] default - First log received by angular.
[2021-03-27T16:49:19.291] [INFO] default - First log received by angular.
[2021-03-27T16:50:02.284] [INFO] default - First log received by angular.
[2021-03-27T16:50:48.849] [INFO] default - First log received by angular.
[2021-03-27T16:51:40.282] [INFO] default - First log received by angular.
[2021-03-27T16:52:36.718] [INFO] default - First log received by angular.
[2021-03-27T16:52:39.340] [INFO] default - First log received by angular.
[2021-03-27T16:52:43.956] [INFO] default - First log received by angular.
[2021-03-27T16:53:01.633] [INFO] default - First log received by angular.
[2021-03-27T16:53:25.250] [INFO] default - First log received by angular.
[2021-03-27T16:53:27.924] [INFO] default - First log received by angular.
[2021-03-27T16:53:50.450] [INFO] default - First log received by angular.
[2021-03-27T16:53:53.247] [INFO] default - First log received by angular.
[2021-03-27T16:54:10.172] [INFO] default - First log received by angular.
[2021-03-27T16:54:12.400] [INFO] default - First log received by angular.
[2021-03-27T16:57:26.871] [INFO] default - First log received by angular.
[2021-03-27T16:58:02.703] [INFO] default - First log received by angular.
[2021-03-27T16:58:04.664] [INFO] default - First log received by angular.
[2021-03-27T17:13:33.159] [INFO] default - First log received by angular.
[2021-03-27T17:17:33.351] [INFO] default - All cities are available
[2021-03-27T17:17:38.774] [INFO] default - All cities are available
[2021-03-27T17:18:07.680] [INFO] default - All cities are available
[2021-03-27T17:18:49.656] [INFO] default - All cities are available
[2021-03-27T17:19:26.641] [INFO] default - All cities are available
[2021-03-27T17:20:33.464] [INFO] default - All cities are available
[2021-03-27T17:21:30.268] [INFO] default - All cities are available
[2021-03-27T17:21:31.845] [INFO] default - All cities are available
[2021-03-28T12:50:16.212] [INFO] default - All cities are available
[2021-03-28T12:52:28.261] [INFO] default - All cities are available
[2021-03-28T12:52:33.311] [INFO] default - All cities are available
[2021-03-28T12:54:01.149] [INFO] default - All cities are available
[2021-03-28T12:54:23.742] [INFO] default - All cities are available
[2021-03-28T12:54:42.809] [INFO] default - All cities are available
[2021-03-28T12:56:35.000] [INFO] default - All cities are available
[2021-03-28T12:56:57.289] [INFO] default - All cities are available
[2021-03-28T13:05:36.447] [INFO] default - All cities are available
[2021-03-28T13:07:14.482] [INFO] default - All cities are available
[2021-03-28T13:07:51.458] [INFO] default - All cities are available
[2021-03-28T13:08:29.384] [INFO] default - All cities are available
[2021-03-28T13:19:46.579] [INFO] default - All cities are available
[2021-03-28T13:19:55.521] [INFO] default - All cities are available
[2021-03-28T13:23:13.537] [INFO] default - All cities are available
[2021-03-28T13:31:46.167] [INFO] default - All cities are available
[2021-03-28T13:31:50.822] [INFO] default - All cities are available
[2021-03-28T13:31:58.942] [INFO] default - All cities are available
[2021-03-28T13:32:35.398] [INFO] default - All cities are available
[2021-03-28T13:33:16.124] [INFO] default - All cities are available
[2021-03-28T15:13:50.745] [INFO] default - All cities are available
[2021-03-28T15:16:37.050] [INFO] default - All cities are available
[2021-03-28T15:18:41.142] [INFO] default - All cities are available
[2021-03-28T15:19:17.875] [INFO] default - All cities are available
[2021-03-28T15:20:36.124] [INFO] default - All cities are available
[2021-03-28T15:21:26.544] [INFO] default - All cities are available
[2021-03-28T15:27:28.371] [INFO] default - All cities are available
[2021-03-28T15:27:36.012] [INFO] default - All cities are available
[2021-03-28T15:33:37.885] [INFO] default - All cities are available
[2021-03-28T15:41:39.047] [INFO] default - All cities are available
[2021-03-28T15:43:50.268] [INFO] default - All cities are available
[2021-03-28T15:44:40.394] [INFO] default - All cities are available
[2021-03-28T15:46:03.768] [INFO] default - All cities are available
[2021-03-28T15:46:13.760] [INFO] default - All cities are available
[2021-03-28T15:52:20.533] [INFO] default - All cities are available
[2021-03-28T15:53:02.452] [INFO] default - All cities are available
[2021-03-28T18:01:13.316] [INFO] default - All cities are available
[2021-03-28T18:01:36.011] [INFO] default - All cities are available
[2021-03-28T18:01:44.350] [INFO] default - All cities are available
[2021-03-28T18:33:25.617] [INFO] default - All cities are available
[2021-03-28T18:33:47.564] [INFO] default - All cities are available
[2021-03-28T18:33:49.908] [INFO] default - All cities are available
[2021-03-28T18:34:18.670] [INFO] default - All cities are available
[2021-03-28T18:34:20.600] [INFO] default - All cities are available
[2021-03-28T18:35:28.593] [INFO] default - All cities are available
[2021-03-28T18:35:29.406] [INFO] default - All cities are available
[2021-03-28T18:36:04.836] [INFO] default - All cities are available
[2021-03-28T18:36:51.762] [INFO] default - All cities are available
[2021-03-28T18:42:59.551] [INFO] default - All cities are available
[2021-03-28T18:43:03.598] [INFO] default - All cities are available
[2021-03-28T18:45:40.577] [INFO] default - All cities are available
[2021-03-28T18:46:32.642] [INFO] default - All cities are available
[2021-03-28T18:46:35.921] [INFO] default - All cities are available
[2021-03-28T18:48:57.452] [INFO] default - All cities are available
[2021-03-28T18:49:01.443] [INFO] default - All cities are available
[2021-03-28T18:50:27.304] [INFO] default - All cities are available
[2021-03-28T18:53:42.302] [INFO] default - All cities are available
[2021-03-28T18:54:55.851] [INFO] default - All cities are available
[2021-03-28T18:57:51.667] [INFO] default - All cities are available
[2021-03-28T18:58:55.194] [INFO] default - All cities are available
[2021-03-28T19:00:40.687] [INFO] default - All cities are available
[2021-03-28T19:03:33.651] [INFO] default - All cities are available
[2021-03-28T19:03:43.370] [INFO] default - All cities are available
[2021-03-28T19:04:15.515] [INFO] default - All cities are available
[2021-03-28T19:05:03.378] [INFO] default - All cities are available
[2021-03-28T19:05:35.385] [INFO] default - All cities are available
[2021-03-28T19:06:50.564] [INFO] default - All cities are available
[2021-03-28T19:07:28.035] [INFO] default - All cities are available
[2021-03-28T19:09:43.145] [INFO] default - All cities are available
[2021-03-28T19:09:46.983] [INFO] default - All cities are available
[2021-03-28T19:11:58.841] [INFO] default - All cities are available
[2021-03-28T19:12:29.607] [INFO] default - All cities are available
[2021-03-28T19:13:12.897] [INFO] default - All cities are available
[2021-03-28T19:14:14.322] [INFO] default - All cities are available
[2021-03-28T19:14:49.837] [INFO] default - All cities are available
[2021-03-28T19:16:17.608] [INFO] default - All cities are available
[2021-03-28T19:17:54.276] [INFO] default - All cities are available
[2021-03-28T19:17:57.504] [INFO] default - All cities are available
[2021-03-28T19:18:00.450] [INFO] default - All cities are available
[2021-03-28T19:19:38.124] [INFO] default - All cities are available
[2021-03-28T19:20:00.861] [INFO] default - All cities are available
[2021-03-28T19:20:27.860] [INFO] default - All cities are available
[2021-03-28T19:20:43.579] [INFO] default - All cities are available
[2021-03-28T19:20:45.766] [INFO] default - All cities are available
[2021-03-28T19:20:54.275] [INFO] default - All cities are available
[2021-03-28T19:20:58.738] [INFO] default - All cities are available
[2021-03-28T19:22:03.834] [INFO] default - All cities are available
[2021-03-28T19:22:08.941] [INFO] default - All cities are available
[2021-03-28T19:22:11.353] [INFO] default - All cities are available
[2021-03-28T19:22:47.403] [INFO] default - All cities are available
[2021-03-28T19:24:19.557] [INFO] default - All cities are available
[2021-03-28T19:31:29.874] [INFO] default - All cities are available
[2021-03-28T19:32:24.175] [INFO] default - All cities are available
[2021-03-28T19:50:14.356] [INFO] default - All cities are available
[2021-03-28T19:50:23.892] [INFO] default - All cities are available
[2021-03-28T19:51:34.378] [INFO] default - All cities are available
[2021-03-28T19:52:03.761] [INFO] default - All cities are available
[2021-03-28T19:52:14.637] [INFO] default - All cities are available
[2021-03-28T19:55:11.035] [INFO] default - All cities are available
[2021-03-28T19:55:13.479] [INFO] default - All cities are available
[2021-03-28T19:56:19.107] [INFO] default - All cities are available
[2021-03-28T19:56:56.944] [INFO] default - All cities are available
[2021-03-28T19:58:30.391] [INFO] default - All cities are available
[2021-03-28T19:58:34.678] [INFO] default - All cities are available
[2021-03-28T20:02:54.916] [INFO] default - All cities are available
[2021-03-28T20:03:14.105] [INFO] default - All cities are available
[2021-03-28T20:04:05.727] [INFO] default - All cities are available
[2021-03-28T20:04:23.139] [INFO] default - All cities are available
[2021-03-28T20:04:30.437] [INFO] default - All cities are available
[2021-03-28T20:05:48.246] [INFO] default - All cities are available
[2021-03-28T20:06:39.583] [INFO] default - All cities are available
[2021-03-28T20:07:17.539] [INFO] default - All cities are available
[2021-03-28T20:07:19.320] [INFO] default - All cities are available
[2021-03-28T20:08:08.287] [INFO] default - All cities are available
[2021-03-28T20:08:13.761] [INFO] default - All cities are available
[2021-03-28T20:08:32.550] [INFO] default - All cities are available
[2021-03-28T20:09:17.489] [INFO] default - All cities are available
[2021-03-28T20:09:19.358] [INFO] default - All cities are available
[2021-03-28T20:10:47.002] [INFO] default - All cities are available
[2021-03-28T20:10:49.364] [INFO] default - All cities are available
[2021-03-28T20:28:06.430] [INFO] default - All cities are available
[2021-03-28T20:29:48.840] [INFO] default - All cities are available
[2021-03-28T20:31:29.794] [INFO] default - All cities are available
[2021-03-28T20:31:38.034] [INFO] default - All cities are available
[2021-03-28T20:32:20.559] [INFO] default - All cities are available
[2021-03-28T20:32:24.099] [INFO] default - All cities are available
[2021-03-28T20:38:35.805] [INFO] default - All cities are available
[2021-03-28T20:41:19.313] [INFO] default - All cities are available
[2021-03-28T20:41:22.994] [INFO] default - getting all temperatures from -[object Object]
[2021-03-28T20:41:49.243] [INFO] default - All cities are available
[2021-03-28T20:42:59.834] [INFO] default - getting all temperatures from -[object Object]
[2021-03-28T20:44:04.046] [INFO] default - All cities are available
[2021-03-28T20:44:09.908] [INFO] default - getting all temperatures from -[object Object]
[2021-03-28T20:53:29.984] [INFO] default - All cities are available
[2021-03-28T20:53:31.670] [INFO] default - getting all temperatures from -[object Object]
[2021-03-28T20:54:18.142] [INFO] default - All cities are available
[2021-03-28T20:54:19.465] [INFO] default - getting all temperatures from -[object Object]
[2021-03-28T20:54:24.435] [INFO] default - getting all temperatures from -[object Object]
[2021-03-28T20:55:34.062] [INFO] default - All cities are available
[2021-03-28T20:55:35.194] [INFO] default - getting all temperatures from -[object Object]
[2021-03-28T20:55:43.454] [INFO] default - getting all temperatures from -[object Object]
[2021-03-28T20:56:03.679] [INFO] default - All cities are available
[2021-03-28T20:56:08.609] [INFO] default - getting all temperatures from -[object Object]
[2021-03-28T20:56:13.233] [INFO] default - getting all temperatures from -[object Object]
[2021-03-28T20:58:00.518] [INFO] default - All cities are available
[2021-03-28T20:58:08.170] [INFO] default - All cities are available
[2021-03-28T20:58:09.183] [INFO] default - getting all temperatures from -[object Object]
[2021-03-28T20:58:13.057] [INFO] default - getting all temperatures from -[object Object]
[2021-03-28T20:59:08.208] [INFO] default - All cities are available
[2021-03-28T20:59:13.293] [INFO] default - getting all temperatures from -[object Object]
[2021-03-28T20:59:18.572] [INFO] default - getting all temperatures from -[object Object]
[2021-03-28T20:59:50.049] [INFO] default - All cities are available
[2021-03-28T20:59:51.491] [INFO] default - getting all temperatures from -[object Object]
[2021-03-28T20:59:55.583] [INFO] default - getting all temperatures from -[object Object]
[2021-03-28T21:00:22.509] [INFO] default - All cities are available
[2021-03-28T21:00:23.719] [INFO] default - getting all temperatures from -[object Object]
[2021-03-28T21:00:28.016] [INFO] default - getting all temperatures from -[object Object]
[2021-03-28T21:01:22.120] [INFO] default - All cities are available
[2021-03-28T21:01:23.540] [INFO] default - getting all temperatures from -[object Object]
[2021-03-28T21:01:27.275] [INFO] default - getting all temperatures from -[object Object]
[2021-03-28T21:03:17.901] [INFO] default - All cities are available
[2021-03-28T21:03:23.261] [INFO] default - getting all temperatures from -[object Object]
[2021-03-28T21:04:24.760] [INFO] default - All cities are available
[2021-03-28T21:04:29.530] [INFO] default - getting all temperatures from -[object Object]
[2021-03-28T21:12:25.833] [INFO] default - All cities are available
[2021-03-28T21:12:30.020] [INFO] default - getting all temperatures from -[object Object]
[2021-03-28T21:16:25.550] [INFO] default - All cities are available
[2021-03-28T21:16:31.918] [INFO] default - All cities are available
[2021-03-28T21:16:36.496] [INFO] default - getting all temperatures from -[object Object]
[2021-03-28T21:17:28.679] [INFO] default - All cities are available
[2021-03-28T21:18:03.558] [INFO] default - All cities are available
[2021-03-28T21:18:07.015] [INFO] default - getting all temperatures from -[object Object]
[2021-03-28T21:22:00.288] [INFO] default - All cities are available
[2021-03-28T21:22:04.303] [INFO] default - getting all temperatures from -[object Object]
[2021-03-28T21:24:30.827] [INFO] default - All cities are available
[2021-03-28T21:24:32.489] [INFO] default - getting all temperatures from -[object Object]
[2021-03-28T21:24:36.197] [INFO] default - getting all temperatures from -[object Object]
[2021-03-28T21:25:00.196] [INFO] default - All cities are available
[2021-03-28T21:25:05.203] [INFO] default - getting all temperatures from -[object Object]
[2021-03-28T21:25:31.549] [INFO] default - All cities are available
[2021-03-28T21:25:35.683] [INFO] default - getting all temperatures from -[object Object]
[2021-03-28T21:31:14.910] [INFO] default - All cities are available
[2021-03-28T21:31:25.357] [INFO] default - All cities are available
[2021-03-28T21:31:28.091] [INFO] default - All cities are available
[2021-03-28T21:31:37.961] [INFO] default - getting all temperatures from -[object Object]
[2021-03-28T21:31:57.677] [INFO] default - All cities are available
[2021-03-28T21:31:59.875] [INFO] default - All cities are available
[2021-03-28T21:32:01.810] [INFO] default - getting all temperatures from -[object Object]
[2021-03-28T21:32:07.540] [INFO] default - getting all temperatures from -[object Object]
[2021-03-28T21:37:15.988] [INFO] default - All cities are available
[2021-03-28T21:37:21.822] [INFO] default - All cities are available
[2021-03-28T21:37:26.458] [INFO] default - getting all temperatures from -[object Object]
[2021-03-28T21:39:58.416] [INFO] default - All cities are available
[2021-03-28T22:14:21.207] [INFO] default - All cities are available
[2021-03-28T22:14:24.030] [INFO] default - getting all temperatures from -[object Object]
[2021-03-28T22:14:27.677] [INFO] default - getting all temperatures from -[object Object]
[2021-03-28T22:16:58.377] [INFO] default - All cities are available
[2021-03-28T22:17:10.684] [INFO] default - getting all temperatures from -[object Object]
[2021-03-28T22:33:09.136] [INFO] default - getting all temperatures from -[object Object]
[2021-03-28T22:33:37.906] [INFO] default - getting all temperatures from -[object Object]
[2021-03-28T22:34:34.382] [INFO] default - getting all temperatures from -[object Object]
[2021-03-28T22:35:28.620] [INFO] default - getting all temperatures from -[object Object]
[2021-03-28T22:35:49.277] [INFO] default - getting all temperatures from -[object Object]
[2021-03-28T22:38:16.088] [INFO] default - getting all temperatures from -[object Object]
[2021-03-28T22:38:16.154] [INFO] default - getting all temperatures from -[object Object]
[2021-03-28T22:38:25.700] [INFO] default - getting all temperatures from -[object Object]
[2021-03-28T22:38:25.753] [INFO] default - getting all temperatures from -[object Object]
[2021-03-28T22:58:07.273] [INFO] default - getting all temperatures from -[object Object]
[2021-03-28T22:58:07.339] [INFO] default - getting all temperatures from -[object Object]
[2021-03-28T22:58:20.500] [INFO] default - getting all temperatures from -[object Object]
[2021-03-28T22:58:20.561] [INFO] default - getting all temperatures from -[object Object]
[2021-03-28T22:59:54.095] [INFO] default - getting all temperatures from -[object Object]
[2021-03-28T22:59:54.160] [INFO] default - getting all temperatures from -[object Object]
[2021-03-28T23:01:22.425] [INFO] default - getting all temperatures from -[object Object]
[2021-03-28T23:01:22.481] [INFO] default - getting all temperatures from -[object Object]
[2021-03-28T23:01:28.518] [INFO] default - getting all temperatures from -[object Object]
[2021-03-28T23:01:28.580] [INFO] default - getting all temperatures from -[object Object]
[2021-03-28T23:03:32.100] [INFO] default - getting all temperatures from -[object Object]
[2021-03-28T23:03:32.215] [INFO] default - getting all temperatures from -[object Object]
[2021-03-28T23:03:38.867] [INFO] default - getting all temperatures from -[object Object]
[2021-03-28T23:03:38.933] [INFO] default - getting all temperatures from -[object Object]
[2021-03-28T23:04:39.841] [INFO] default - getting all temperatures from -[object Object]
[2021-03-28T23:04:39.893] [INFO] default - getting all temperatures from -[object Object]
[2021-03-28T23:05:17.818] [INFO] default - getting all temperatures from -[object Object]
[2021-03-28T23:05:17.874] [INFO] default - getting all temperatures from -[object Object]
[2021-03-28T23:12:34.434] [INFO] default - getting all temperatures from -[object Object]
[2021-03-28T23:12:34.515] [INFO] default - getting all temperatures from -[object Object]
[2021-03-28T23:13:12.349] [INFO] default - getting all temperatures from -[object Object]
[2021-03-28T23:13:12.415] [INFO] default - getting all temperatures from -[object Object]
[2021-03-28T23:26:37.989] [INFO] default - getting all temperatures from -[object Object]
[2021-03-28T23:26:38.051] [INFO] default - getting all temperatures from -[object Object]
[2021-03-28T23:30:56.009] [INFO] default - All cities are available
[2021-03-28T23:30:56.013] [INFO] default - getting all temperatures from -[object Object]
[2021-03-28T23:30:56.148] [INFO] default - getting all temperatures from -[object Object]
[2021-03-28T23:31:47.696] [INFO] default - getting all temperatures from -[object Object]
[2021-03-28T23:31:47.701] [INFO] default - All cities are available
[2021-03-28T23:31:47.810] [INFO] default - getting all temperatures from -[object Object]
[2021-03-28T23:32:20.034] [INFO] default - All cities are available
[2021-03-28T23:32:20.036] [INFO] default - getting all temperatures from -[object Object]
[2021-03-28T23:32:20.143] [INFO] default - getting all temperatures from -[object Object]
[2021-03-28T23:32:25.948] [INFO] default - getting all temperatures from -[object Object]
[2021-03-28T23:32:25.949] [INFO] default - All cities are available
[2021-03-28T23:32:26.032] [INFO] default - getting all temperatures from -[object Object]
[2021-03-28T23:32:42.747] [INFO] default - All cities are available
[2021-03-28T23:32:42.750] [INFO] default - getting all temperatures from -[object Object]
[2021-03-28T23:32:42.865] [INFO] default - getting all temperatures from -[object Object]
[2021-03-28T23:33:35.733] [INFO] default - getting all temperatures from -[object Object]
[2021-03-28T23:33:35.737] [INFO] default - All cities are available
[2021-03-28T23:33:35.861] [INFO] default - getting all temperatures from -[object Object]
[2021-03-28T23:33:50.463] [INFO] default - getting all temperatures from -[object Object]
[2021-03-28T23:33:50.465] [INFO] default - All cities are available
[2021-03-28T23:33:50.601] [INFO] default - getting all temperatures from -[object Object]
[2021-03-28T23:34:00.071] [INFO] default - getting all temperatures from -[object Object]
[2021-03-28T23:34:00.074] [INFO] default - All cities are available
[2021-03-28T23:34:00.241] [INFO] default - getting all temperatures from -[object Object]
[2021-03-28T23:34:17.191] [INFO] default - getting all temperatures from -[object Object]
[2021-03-28T23:34:17.192] [INFO] default - All cities are available
[2021-03-28T23:34:17.306] [INFO] default - getting all temperatures from -[object Object]
[2021-03-28T23:34:38.758] [INFO] default - All cities are available
[2021-03-28T23:34:38.759] [INFO] default - getting all temperatures from -[object Object]
[2021-03-28T23:34:38.894] [INFO] default - getting all temperatures from -[object Object]
[2021-03-28T23:36:15.718] [INFO] default - getting all temperatures from -[object Object]
[2021-03-28T23:36:15.723] [INFO] default - All cities are available
[2021-03-28T23:36:15.863] [INFO] default - getting all temperatures from -[object Object]
[2021-03-28T23:38:16.811] [INFO] default - getting all temperatures from -[object Object]
[2021-03-28T23:38:16.818] [INFO] default - All cities are available
[2021-03-28T23:38:16.941] [INFO] default - getting all temperatures from -[object Object]
[2021-03-28T23:38:36.577] [INFO] default - getting all temperatures from -[object Object]
[2021-03-28T23:38:36.579] [INFO] default - All cities are available
[2021-03-28T23:38:36.723] [INFO] default - getting all temperatures from -[object Object]
[2021-03-28T23:39:30.771] [INFO] default - getting all temperatures from -[object Object]
[2021-03-28T23:39:30.773] [INFO] default - All cities are available
[2021-03-28T23:39:30.887] [INFO] default - getting all temperatures from -[object Object]
[2021-03-28T23:40:33.740] [INFO] default - getting all temperatures from -[object Object]
[2021-03-28T23:40:33.742] [INFO] default - All cities are available
[2021-03-28T23:40:33.867] [INFO] default - getting all temperatures from -[object Object]
[2021-03-28T23:41:18.695] [INFO] default - getting all temperatures from -[object Object]
[2021-03-28T23:41:18.697] [INFO] default - All cities are available
[2021-03-28T23:41:18.817] [INFO] default - getting all temperatures from -[object Object]
[2021-03-28T23:41:26.850] [INFO] default - getting all temperatures from -[object Object]
[2021-03-28T23:41:26.852] [INFO] default - All cities are available
[2021-03-28T23:41:26.909] [INFO] default - getting all temperatures from -[object Object]
[2021-03-28T23:42:02.211] [INFO] default - getting all temperatures from -[object Object]
[2021-03-28T23:42:02.212] [INFO] default - All cities are available
[2021-03-28T23:42:02.336] [INFO] default - getting all temperatures from -[object Object]
[2021-03-28T23:42:16.379] [INFO] default - getting all temperatures from -[object Object]
[2021-03-28T23:42:16.380] [INFO] default - All cities are available
[2021-03-28T23:42:16.511] [INFO] default - getting all temperatures from -[object Object]
[2021-03-28T23:42:42.006] [INFO] default - getting all temperatures from -[object Object]
[2021-03-28T23:42:42.007] [INFO] default - All cities are available
[2021-03-28T23:42:42.130] [INFO] default - getting all temperatures from -[object Object]
[2021-03-28T23:42:55.931] [INFO] default - getting all temperatures from -[object Object]
[2021-03-28T23:42:55.933] [INFO] default - All cities are available
[2021-03-28T23:42:56.040] [INFO] default - getting all temperatures from -[object Object]
[2021-03-28T23:43:12.238] [INFO] default - getting all temperatures from -[object Object]
[2021-03-28T23:43:12.239] [INFO] default - All cities are available
[2021-03-28T23:43:12.354] [INFO] default - getting all temperatures from -[object Object]
[2021-03-28T23:43:21.324] [INFO] default - getting all temperatures from -[object Object]
[2021-03-28T23:43:21.325] [INFO] default - All cities are available
[2021-03-28T23:43:21.445] [INFO] default - getting all temperatures from -[object Object]
[2021-03-28T23:44:08.014] [INFO] default - getting all temperatures from -[object Object]
[2021-03-28T23:44:08.018] [INFO] default - All cities are available
[2021-03-28T23:44:08.107] [INFO] default - getting all temperatures from -[object Object]
[2021-03-28T23:44:21.341] [INFO] default - getting all temperatures from -[object Object]
[2021-03-28T23:44:21.342] [INFO] default - All cities are available
[2021-03-28T23:44:21.460] [INFO] default - getting all temperatures from -[object Object]
[2021-03-28T23:45:30.396] [INFO] default - getting all temperatures from -[object Object]
[2021-03-28T23:45:30.398] [INFO] default - All cities are available
[2021-03-28T23:45:30.575] [INFO] default - getting all temperatures from -[object Object]
[2021-03-28T23:45:35.304] [INFO] default - getting all temperatures from -[object Object]
[2021-03-28T23:45:35.305] [INFO] default - All cities are available
[2021-03-28T23:45:35.492] [INFO] default - getting all temperatures from -[object Object]
[2021-03-28T23:46:33.617] [INFO] default - getting all temperatures from -[object Object]
[2021-03-28T23:46:33.619] [INFO] default - All cities are available
[2021-03-28T23:46:33.865] [INFO] default - getting all temperatures from -[object Object]
[2021-03-28T23:46:37.213] [INFO] default - getting all temperatures from -[object Object]
[2021-03-28T23:46:37.219] [INFO] default - All cities are available
[2021-03-28T23:46:37.393] [INFO] default - getting all temperatures from -[object Object]
[2021-03-28T23:47:44.014] [INFO] default - getting all temperatures from -[object Object]
[2021-03-28T23:47:44.015] [INFO] default - All cities are available
[2021-03-28T23:47:44.167] [INFO] default - getting all temperatures from -[object Object]
[2021-03-28T23:47:51.882] [INFO] default - getting all temperatures from -[object Object]
[2021-03-28T23:47:51.884] [INFO] default - All cities are available
[2021-03-28T23:47:52.080] [INFO] default - getting all temperatures from -[object Object]
[2021-03-28T23:47:53.907] [INFO] default - getting all temperatures from -[object Object]
[2021-03-28T23:47:53.909] [INFO] default - All cities are available
[2021-03-28T23:47:54.077] [INFO] default - getting all temperatures from -[object Object]
[2021-03-28T23:48:03.944] [INFO] default - getting all temperatures from -[object Object]
[2021-03-28T23:48:03.946] [INFO] default - All cities are available
[2021-03-28T23:48:04.118] [INFO] default - getting all temperatures from -[object Object]
[2021-03-28T23:49:01.635] [INFO] default - getting all temperatures from -[object Object]
[2021-03-28T23:49:01.636] [INFO] default - All cities are available
[2021-03-28T23:49:01.826] [INFO] default - getting all temperatures from -[object Object]
[2021-03-28T23:49:24.038] [INFO] default - getting all temperatures from -[object Object]
[2021-03-28T23:49:24.040] [INFO] default - All cities are available
[2021-03-28T23:49:24.293] [INFO] default - getting all temperatures from -[object Object]
[2021-03-28T23:49:31.392] [INFO] default - All cities are available
[2021-03-28T23:49:31.403] [INFO] default - getting all temperatures from -[object Object]
[2021-03-28T23:49:31.569] [INFO] default - getting all temperatures from -[object Object]
[2021-03-28T23:49:39.476] [INFO] default - getting all temperatures from -[object Object]
[2021-03-28T23:49:39.478] [INFO] default - All cities are available
[2021-03-28T23:49:39.730] [INFO] default - getting all temperatures from -[object Object]
[2021-03-28T23:49:47.454] [INFO] default - getting all temperatures from -[object Object]
[2021-03-28T23:49:47.456] [INFO] default - All cities are available
[2021-03-28T23:49:47.671] [INFO] default - getting all temperatures from -[object Object]
[2021-03-28T23:50:52.110] [INFO] default - All cities are available
[2021-03-28T23:50:52.114] [INFO] default - getting all temperatures from -[object Object]
[2021-03-28T23:50:52.333] [INFO] default - getting all temperatures from -[object Object]
[2021-03-28T23:51:09.721] [INFO] default - All cities are available
[2021-03-28T23:51:09.723] [INFO] default - getting all temperatures from -[object Object]
[2021-03-28T23:51:09.918] [INFO] default - getting all temperatures from -[object Object]
[2021-03-28T23:51:21.753] [INFO] default - getting all temperatures from -[object Object]
[2021-03-28T23:51:21.754] [INFO] default - All cities are available
[2021-03-28T23:51:21.919] [INFO] default - getting all temperatures from -[object Object]
[2021-03-28T23:51:46.473] [INFO] default - getting all temperatures from -[object Object]
[2021-03-28T23:51:46.474] [INFO] default - All cities are available
[2021-03-28T23:51:46.662] [INFO] default - getting all temperatures from -[object Object]
[2021-03-28T23:51:54.736] [INFO] default - getting all temperatures from -[object Object]
[2021-03-28T23:51:54.737] [INFO] default - All cities are available
[2021-03-28T23:51:54.964] [INFO] default - getting all temperatures from -[object Object]
[2021-03-28T23:52:04.656] [INFO] default - getting all temperatures from -[object Object]
[2021-03-28T23:52:04.657] [INFO] default - All cities are available
[2021-03-28T23:52:04.850] [INFO] default - getting all temperatures from -[object Object]
[2021-03-28T23:52:07.918] [INFO] default - getting all temperatures from -[object Object]
[2021-03-28T23:52:07.920] [INFO] default - All cities are available
[2021-03-28T23:52:08.115] [INFO] default - getting all temperatures from -[object Object]
[2021-03-28T23:52:16.526] [INFO] default - getting all temperatures from -[object Object]
[2021-03-28T23:52:16.528] [INFO] default - All cities are available
[2021-03-28T23:52:16.718] [INFO] default - getting all temperatures from -[object Object]
[2021-03-28T23:52:34.007] [INFO] default - getting all temperatures from -[object Object]
[2021-03-28T23:52:34.008] [INFO] default - All cities are available
[2021-03-28T23:52:34.223] [INFO] default - getting all temperatures from -[object Object]
[2021-03-28T23:52:57.461] [INFO] default - getting all temperatures from -[object Object]
[2021-03-28T23:52:57.463] [INFO] default - All cities are available
[2021-03-28T23:52:57.645] [INFO] default - getting all temperatures from -[object Object]
[2021-03-28T23:53:05.687] [INFO] default - getting all temperatures from -[object Object]
[2021-03-28T23:53:05.688] [INFO] default - All cities are available
[2021-03-28T23:53:05.899] [INFO] default - getting all temperatures from -[object Object]
[2021-03-28T23:53:09.746] [INFO] default - getting all temperatures from -[object Object]
[2021-03-28T23:53:09.747] [INFO] default - All cities are available
[2021-03-28T23:53:09.926] [INFO] default - getting all temperatures from -[object Object]
[2021-03-28T23:53:13.516] [INFO] default - getting all temperatures from -[object Object]
[2021-03-28T23:53:13.518] [INFO] default - All cities are available
[2021-03-28T23:53:13.738] [INFO] default - getting all temperatures from -[object Object]
[2021-03-28T23:53:17.157] [INFO] default - getting all temperatures from -[object Object]
[2021-03-28T23:53:17.158] [INFO] default - All cities are available
[2021-03-28T23:53:17.348] [INFO] default - getting all temperatures from -[object Object]
[2021-03-28T23:53:22.139] [INFO] default - getting all temperatures from -[object Object]
[2021-03-28T23:53:22.141] [INFO] default - All cities are available
[2021-03-28T23:53:22.463] [INFO] default - getting all temperatures from -[object Object]
[2021-03-28T23:53:35.128] [INFO] default - getting all temperatures from -[object Object]
[2021-03-28T23:53:35.136] [INFO] default - All cities are available
[2021-03-28T23:53:35.322] [INFO] default - getting all temperatures from -[object Object]
[2021-03-28T23:53:47.854] [INFO] default - getting all temperatures from -[object Object]
[2021-03-28T23:53:47.856] [INFO] default - All cities are available
[2021-03-28T23:53:48.061] [INFO] default - getting all temperatures from -[object Object]
[2021-03-28T23:53:53.224] [INFO] default - getting all temperatures from -[object Object]
[2021-03-28T23:53:53.225] [INFO] default - All cities are available
[2021-03-28T23:53:53.429] [INFO] default - getting all temperatures from -[object Object]
[2021-03-28T23:54:00.613] [INFO] default - getting all temperatures from -[object Object]
[2021-03-28T23:54:00.614] [INFO] default - All cities are available
[2021-03-28T23:54:00.829] [INFO] default - getting all temperatures from -[object Object]
[2021-03-28T23:54:10.177] [INFO] default - getting all temperatures from -[object Object]
[2021-03-28T23:54:10.178] [INFO] default - All cities are available
[2021-03-28T23:54:10.384] [INFO] default - getting all temperatures from -[object Object]
[2021-03-28T23:54:22.991] [INFO] default - getting all temperatures from -[object Object]
[2021-03-28T23:54:22.993] [INFO] default - All cities are available
[2021-03-28T23:54:23.252] [INFO] default - getting all temperatures from -[object Object]
[2021-03-28T23:54:27.625] [INFO] default - getting all temperatures from -[object Object]
[2021-03-28T23:54:27.637] [INFO] default - All cities are available
[2021-03-28T23:54:27.839] [INFO] default - getting all temperatures from -[object Object]
[2021-03-28T23:54:33.552] [INFO] default - getting all temperatures from -[object Object]
[2021-03-28T23:54:33.554] [INFO] default - All cities are available
[2021-03-28T23:54:33.782] [INFO] default - getting all temperatures from -[object Object]
[2021-03-28T23:54:37.695] [INFO] default - getting all temperatures from -[object Object]
[2021-03-28T23:54:37.696] [INFO] default - All cities are available
[2021-03-28T23:54:38.007] [INFO] default - getting all temperatures from -[object Object]
[2021-03-28T23:54:42.137] [INFO] default - getting all temperatures from -[object Object]
[2021-03-28T23:54:42.139] [INFO] default - All cities are available
[2021-03-28T23:54:42.388] [INFO] default - getting all temperatures from -[object Object]
[2021-03-28T23:54:47.770] [INFO] default - getting all temperatures from -[object Object]
[2021-03-28T23:54:47.771] [INFO] default - All cities are available
[2021-03-28T23:54:48.056] [INFO] default - getting all temperatures from -[object Object]
[2021-03-28T23:54:51.908] [INFO] default - getting all temperatures from -[object Object]
[2021-03-28T23:54:51.909] [INFO] default - All cities are available
[2021-03-28T23:54:52.171] [INFO] default - getting all temperatures from -[object Object]
[2021-03-28T23:55:07.771] [INFO] default - getting all temperatures from -[object Object]
[2021-03-28T23:55:07.773] [INFO] default - All cities are available
[2021-03-28T23:55:08.115] [INFO] default - getting all temperatures from -[object Object]
[2021-03-28T23:55:25.740] [INFO] default - getting all temperatures from -[object Object]
[2021-03-28T23:55:25.742] [INFO] default - All cities are available
[2021-03-28T23:55:26.072] [INFO] default - getting all temperatures from -[object Object]
[2021-03-28T23:55:31.004] [INFO] default - getting all temperatures from -[object Object]
[2021-03-28T23:55:31.006] [INFO] default - All cities are available
[2021-03-28T23:55:31.350] [INFO] default - getting all temperatures from -[object Object]
[2021-03-28T23:55:39.338] [INFO] default - getting all temperatures from -[object Object]
[2021-03-28T23:55:39.340] [INFO] default - All cities are available
[2021-03-28T23:55:39.678] [INFO] default - getting all temperatures from -[object Object]
[2021-03-28T23:56:32.369] [INFO] default - getting all temperatures from -[object Object]
[2021-03-28T23:56:32.371] [INFO] default - All cities are available
[2021-03-28T23:56:32.680] [INFO] default - getting all temperatures from -[object Object]
[2021-03-28T23:56:59.040] [INFO] default - All cities are available
[2021-03-28T23:56:59.054] [INFO] default - getting all temperatures from -[object Object]
[2021-03-28T23:56:59.393] [INFO] default - getting all temperatures from -[object Object]
[2021-03-28T23:57:08.293] [INFO] default - getting all temperatures from -[object Object]
[2021-03-28T23:57:08.296] [INFO] default - All cities are available
[2021-03-28T23:57:08.617] [INFO] default - getting all temperatures from -[object Object]
[2021-03-28T23:58:00.409] [INFO] default - getting all temperatures from -[object Object]
[2021-03-28T23:58:00.411] [INFO] default - All cities are available
[2021-03-28T23:58:00.586] [INFO] default - getting all temperatures from -[object Object]
[2021-03-28T23:58:14.540] [INFO] default - getting all temperatures from -[object Object]
[2021-03-28T23:58:14.546] [INFO] default - All cities are available
[2021-03-28T23:58:14.813] [INFO] default - getting all temperatures from -[object Object]
[2021-03-28T23:58:41.776] [INFO] default - getting all temperatures from -[object Object]
[2021-03-28T23:58:41.778] [INFO] default - All cities are available
[2021-03-28T23:58:42.081] [INFO] default - getting all temperatures from -[object Object]
[2021-03-28T23:58:52.942] [INFO] default - getting all temperatures from -[object Object]
[2021-03-28T23:58:52.944] [INFO] default - All cities are available
[2021-03-28T23:58:53.329] [INFO] default - getting all temperatures from -[object Object]
[2021-03-28T23:59:01.658] [INFO] default - getting all temperatures from -[object Object]
[2021-03-28T23:59:01.659] [INFO] default - All cities are available
[2021-03-28T23:59:01.976] [INFO] default - getting all temperatures from -[object Object]
[2021-03-28T23:59:06.244] [INFO] default - getting all temperatures from -[object Object]
[2021-03-28T23:59:06.246] [INFO] default - All cities are available
[2021-03-28T23:59:06.592] [INFO] default - getting all temperatures from -[object Object]
[2021-03-28T23:59:35.151] [INFO] default - getting all temperatures from -[object Object]
[2021-03-28T23:59:35.208] [INFO] default - getting all temperatures from -[object Object]
[2021-03-29T00:01:54.955] [INFO] default - getting all temperatures from -[object Object]
[2021-03-29T00:01:55.021] [INFO] default - getting all temperatures from -[object Object]
[2021-03-29T00:02:14.561] [INFO] default - getting all temperatures from -[object Object]
[2021-03-29T00:02:14.620] [INFO] default - getting all temperatures from -[object Object]
[2021-03-29T00:02:28.810] [INFO] default - getting all temperatures from -[object Object]
[2021-03-29T00:02:28.862] [INFO] default - getting all temperatures from -[object Object]
[2021-03-29T00:03:05.457] [INFO] default - getting all temperatures from -[object Object]
[2021-03-29T00:03:05.512] [INFO] default - getting all temperatures from -[object Object]
[2021-03-29T00:03:22.263] [INFO] default - getting all temperatures from -[object Object]
[2021-03-29T00:03:22.331] [INFO] default - getting all temperatures from -[object Object]
[2021-03-29T00:04:51.220] [INFO] default - getting all temperatures from -[object Object]
[2021-03-29T00:04:51.313] [INFO] default - getting all temperatures from -[object Object]
[2021-03-29T00:05:00.448] [INFO] default - getting all temperatures from -[object Object]
[2021-03-29T00:05:00.457] [INFO] default - All cities are available
[2021-03-29T00:05:00.661] [INFO] default - getting all temperatures from -[object Object]
[2021-03-29T00:05:17.708] [INFO] default - getting all temperatures from -[object Object]
[2021-03-29T00:05:17.710] [INFO] default - All cities are available
[2021-03-29T00:05:17.909] [INFO] default - getting all temperatures from -[object Object]
[2021-03-29T00:05:35.837] [INFO] default - getting all temperatures from -[object Object]
[2021-03-29T00:05:35.839] [INFO] default - All cities are available
[2021-03-29T00:05:36.015] [INFO] default - getting all temperatures from -[object Object]
[2021-03-29T00:05:48.423] [INFO] default - getting all temperatures from -[object Object]
[2021-03-29T00:05:48.426] [INFO] default - All cities are available
[2021-03-29T00:05:48.674] [INFO] default - getting all temperatures from -[object Object]
[2021-03-29T00:06:28.339] [INFO] default - getting all temperatures from -[object Object]
[2021-03-29T00:06:28.341] [INFO] default - All cities are available
[2021-03-29T00:06:28.555] [INFO] default - getting all temperatures from -[object Object]
[2021-03-29T00:06:43.643] [INFO] default - getting all temperatures from -[object Object]
[2021-03-29T00:06:43.644] [INFO] default - All cities are available
[2021-03-29T00:06:43.836] [INFO] default - getting all temperatures from -[object Object]
[2021-03-29T00:06:57.082] [INFO] default - getting all temperatures from -[object Object]
[2021-03-29T00:06:57.084] [INFO] default - All cities are available
[2021-03-29T00:06:57.280] [INFO] default - getting all temperatures from -[object Object]
[2021-03-29T00:09:56.818] [INFO] default - getting all temperatures from -[object Object]
[2021-03-29T00:09:56.871] [INFO] default - getting all temperatures from -[object Object]
[2021-03-29T10:59:10.262] [INFO] default - getting all temperatures from -[object Object]
[2021-03-29T10:59:10.271] [INFO] default - All cities are available
[2021-03-29T10:59:10.604] [INFO] default - getting all temperatures from -[object Object]
[2021-03-29T11:00:07.069] [INFO] default - getting all temperatures from -[object Object]
[2021-03-29T11:02:48.361] [INFO] default - All cities are available
[2021-03-29T11:02:55.910] [INFO] default - getting all temperatures from -[object Object]
[2021-03-29T11:02:55.913] [INFO] default - All cities are available
[2021-03-29T11:02:55.961] [INFO] default - getting all temperatures from -[object Object]
[2021-03-29T11:02:56.013] [INFO] default - getting all temperatures from -[object Object]
[2021-03-29T11:03:26.958] [INFO] default - getting all temperatures from -[object Object]
[2021-03-29T11:03:26.961] [INFO] default - All cities are available
[2021-03-29T11:03:27.106] [INFO] default - getting all temperatures from -[object Object]
[2021-03-29T11:03:27.194] [INFO] default - getting all temperatures from -[object Object]
[2021-03-29T11:03:35.002] [INFO] default - getting all temperatures from -[object Object]
[2021-03-29T11:03:35.004] [INFO] default - All cities are available
[2021-03-29T11:03:35.145] [INFO] default - getting all temperatures from -[object Object]
[2021-03-29T11:03:35.210] [INFO] default - getting all temperatures from -[object Object]
[2021-03-29T11:24:47.226] [INFO] default - getting all temperatures from -[object Object]
[2021-03-29T11:24:47.238] [INFO] default - All cities are available
[2021-03-29T11:24:47.484] [INFO] default - getting all temperatures from -[object Object]
[2021-03-29T11:24:47.681] [INFO] default - getting all temperatures from -[object Object]
[2021-03-29T11:26:44.826] [INFO] default - getting all temperatures from -[object Object]
[2021-03-29T11:26:44.829] [INFO] default - All cities are available
[2021-03-29T11:26:44.957] [INFO] default - getting all temperatures from -[object Object]
[2021-03-29T11:26:45.063] [INFO] default - getting all temperatures from -[object Object]
[2021-03-29T11:26:57.771] [INFO] default - getting all temperatures from -[object Object]
[2021-03-29T11:26:57.781] [INFO] default - All cities are available
[2021-03-29T11:26:58.016] [INFO] default - getting all temperatures from -[object Object]
[2021-03-29T11:26:58.127] [INFO] default - getting all temperatures from -[object Object]
[2021-03-29T11:27:24.715] [INFO] default - getting all temperatures from -[object Object]
[2021-03-29T11:27:24.725] [INFO] default - All cities are available
[2021-03-29T11:27:24.908] [INFO] default - getting all temperatures from -[object Object]
[2021-03-29T11:27:25.034] [INFO] default - getting all temperatures from -[object Object]
[2021-03-29T11:27:43.991] [INFO] default - getting all temperatures from -[object Object]
[2021-03-29T11:27:43.994] [INFO] default - All cities are available
[2021-03-29T11:27:44.240] [INFO] default - getting all temperatures from -[object Object]
[2021-03-29T11:27:44.348] [INFO] default - getting all temperatures from -[object Object]
[2021-03-29T11:27:52.486] [INFO] default - getting all temperatures from -[object Object]
[2021-03-29T11:27:52.494] [INFO] default - All cities are available
[2021-03-29T11:27:52.524] [INFO] default - getting all temperatures from -[object Object]
[2021-03-29T11:27:52.632] [INFO] default - getting all temperatures from -[object Object]
[2021-03-29T11:28:05.177] [INFO] default - getting all temperatures from -[object Object]
[2021-03-29T11:28:05.180] [INFO] default - All cities are available
[2021-03-29T11:28:05.398] [INFO] default - getting all temperatures from -[object Object]
[2021-03-29T11:28:05.483] [INFO] default - getting all temperatures from -[object Object]
[2021-03-29T11:28:13.083] [INFO] default - All cities are available
[2021-03-29T11:28:13.087] [INFO] default - getting all temperatures from -[object Object]
[2021-03-29T11:28:13.130] [INFO] default - getting all temperatures from -[object Object]
[2021-03-29T11:28:13.218] [INFO] default - getting all temperatures from -[object Object]
[2021-03-29T11:28:29.736] [INFO] default - getting all temperatures from -[object Object]
[2021-03-29T11:28:29.745] [INFO] default - All cities are available
[2021-03-29T11:28:29.860] [INFO] default - getting all temperatures from -[object Object]
[2021-03-29T11:28:29.949] [INFO] default - getting all temperatures from -[object Object]
[2021-03-29T11:29:00.535] [INFO] default - All cities are available
[2021-03-29T11:29:00.553] [INFO] default - getting all temperatures from -[object Object]
[2021-03-29T11:29:00.680] [INFO] default - getting all temperatures from -[object Object]
[2021-03-29T11:29:00.772] [INFO] default - getting all temperatures from -[object Object]
[2021-03-29T11:29:13.644] [INFO] default - getting all temperatures from -[object Object]
[2021-03-29T11:29:13.648] [INFO] default - All cities are available
[2021-03-29T11:29:13.831] [INFO] default - getting all temperatures from -[object Object]
[2021-03-29T11:29:13.917] [INFO] default - getting all temperatures from -[object Object]
[2021-03-29T11:29:54.047] [INFO] default - getting all temperatures from -[object Object]
[2021-03-29T11:29:54.059] [INFO] default - All cities are available
[2021-03-29T11:29:54.172] [INFO] default - getting all temperatures from -[object Object]
[2021-03-29T11:29:54.261] [INFO] default - getting all temperatures from -[object Object]
[2021-03-29T11:30:17.461] [INFO] default - getting all temperatures from -[object Object]
[2021-03-29T11:30:17.470] [INFO] default - All cities are available
[2021-03-29T11:30:17.616] [INFO] default - getting all temperatures from -[object Object]
[2021-03-29T11:30:17.733] [INFO] default - getting all temperatures from -[object Object]
[2021-03-29T11:30:38.007] [INFO] default - getting all temperatures from -[object Object]
[2021-03-29T11:30:38.018] [INFO] default - All cities are available
[2021-03-29T11:30:38.165] [INFO] default - getting all temperatures from -[object Object]
[2021-03-29T11:30:38.277] [INFO] default - getting all temperatures from -[object Object]
[2021-03-29T11:30:57.339] [INFO] default - getting all temperatures from -[object Object]
[2021-03-29T11:30:57.348] [INFO] default - All cities are available
[2021-03-29T11:30:57.508] [INFO] default - getting all temperatures from -[object Object]
[2021-03-29T11:30:57.610] [INFO] default - getting all temperatures from -[object Object]
[2021-03-29T11:31:11.486] [INFO] default - getting all temperatures from -[object Object]
[2021-03-29T11:31:11.491] [INFO] default - All cities are available
[2021-03-29T11:31:11.666] [INFO] default - getting all temperatures from -[object Object]
[2021-03-29T11:31:11.748] [INFO] default - getting all temperatures from -[object Object]
[2021-03-29T11:31:20.850] [INFO] default - getting all temperatures from -[object Object]
[2021-03-29T11:31:20.855] [INFO] default - All cities are available
[2021-03-29T11:31:21.074] [INFO] default - getting all temperatures from -[object Object]
[2021-03-29T11:31:21.177] [INFO] default - getting all temperatures from -[object Object]
[2021-03-29T11:32:56.771] [INFO] default - All cities are available
[2021-03-29T11:32:56.776] [INFO] default - getting all temperatures from -[object Object]
[2021-03-29T11:32:56.942] [INFO] default - getting all temperatures from -[object Object]
[2021-03-29T11:32:57.029] [INFO] default - getting all temperatures from -[object Object]
[2021-03-29T11:35:31.322] [INFO] default - getting all temperatures from -[object Object]
[2021-03-29T11:35:34.178] [INFO] default - getting all temperatures from -[object Object]
[2021-03-29T11:49:56.072] [INFO] default - getting all temperatures from -[object Object]
[2021-03-29T11:49:56.076] [INFO] default - All cities are available
[2021-03-29T11:49:56.137] [INFO] default - getting all temperatures from -[object Object]
[2021-03-29T11:49:56.196] [INFO] default - getting all temperatures from -[object Object]
[2021-03-29T11:51:00.215] [INFO] default - getting all temperatures from -[object Object]
[2021-03-29T11:51:00.217] [INFO] default - All cities are available
[2021-03-29T11:51:00.302] [INFO] default - getting all temperatures from -[object Object]
[2021-03-29T11:51:00.344] [INFO] default - getting all temperatures from -[object Object]
[2021-03-29T11:51:24.628] [INFO] default - getting all temperatures from -[object Object]
[2021-03-29T11:51:24.630] [INFO] default - All cities are available
[2021-03-29T11:51:24.737] [INFO] default - getting all temperatures from -[object Object]
[2021-03-29T11:51:24.815] [INFO] default - getting all temperatures from -[object Object]
[2021-03-29T11:51:36.815] [INFO] default - getting all temperatures from -[object Object]
[2021-03-29T11:51:36.818] [INFO] default - All cities are available
[2021-03-29T11:51:36.895] [INFO] default - getting all temperatures from -[object Object]
[2021-03-29T11:51:36.953] [INFO] default - getting all temperatures from -[object Object]
[2021-03-29T11:51:40.488] [INFO] default - getting all temperatures from -[object Object]
[2021-03-29T11:51:40.493] [INFO] default - All cities are available
[2021-03-29T11:51:40.528] [INFO] default - getting all temperatures from -[object Object]
[2021-03-29T11:51:40.580] [INFO] default - getting all temperatures from -[object Object]
[2021-03-29T11:51:47.980] [INFO] default - getting all temperatures from -[object Object]
[2021-03-29T11:51:47.981] [INFO] default - All cities are available
[2021-03-29T11:51:48.012] [INFO] default - getting all temperatures from -[object Object]
[2021-03-29T11:51:48.048] [INFO] default - getting all temperatures from -[object Object]
[2021-03-29T11:51:55.834] [INFO] default - getting all temperatures from -[object Object]
[2021-03-29T11:51:55.838] [INFO] default - All cities are available
[2021-03-29T11:51:55.870] [INFO] default - getting all temperatures from -[object Object]
[2021-03-29T11:51:55.937] [INFO] default - getting all temperatures from -[object Object]
[2021-03-29T11:56:03.279] [INFO] default - getting all temperatures from -[object Object]
[2021-03-29T11:56:03.280] [INFO] default - All cities are available
[2021-03-29T11:56:03.362] [INFO] default - getting all temperatures from -[object Object]
[2021-03-29T11:56:03.419] [INFO] default - getting all temperatures from -[object Object]
[2021-03-29T11:57:11.577] [INFO] default - getting all temperatures from -[object Object]
[2021-03-29T11:57:11.580] [INFO] default - All cities are available
[2021-03-29T11:57:11.722] [INFO] default - getting all temperatures from -[object Object]
[2021-03-29T11:57:11.785] [INFO] default - getting all temperatures from -[object Object]
[2021-03-29T11:57:16.926] [INFO] default - getting all temperatures from -[object Object]
[2021-03-29T11:57:16.931] [INFO] default - All cities are available
[2021-03-29T11:57:17.054] [INFO] default - getting all temperatures from -[object Object]
[2021-03-29T11:57:17.112] [INFO] default - getting all temperatures from -[object Object]
[2021-03-29T11:57:39.207] [INFO] default - All cities are available
[2021-03-29T11:57:39.212] [INFO] default - getting all temperatures from -[object Object]
[2021-03-29T11:57:40.259] [INFO] default - getting all temperatures from -[object Object]
[2021-03-29T11:57:40.262] [INFO] default - All cities are available
[2021-03-29T11:57:40.537] [INFO] default - getting all temperatures from -[object Object]
[2021-03-29T11:57:40.670] [INFO] default - getting all temperatures from -[object Object]
[2021-03-29T11:59:35.781] [INFO] default - getting all temperatures from -[object Object]
[2021-03-29T11:59:35.782] [INFO] default - All cities are available
[2021-03-29T11:59:35.906] [INFO] default - getting all temperatures from -[object Object]
[2021-03-29T11:59:35.956] [INFO] default - getting all temperatures from -[object Object]
[2021-03-29T12:00:13.558] [INFO] default - All cities are available
[2021-03-29T12:00:13.570] [INFO] default - getting all temperatures from -[object Object]
[2021-03-29T12:00:13.681] [INFO] default - getting all temperatures from -[object Object]
[2021-03-29T12:00:28.523] [INFO] default - getting all temperatures from -[object Object]
[2021-03-29T12:00:28.531] [INFO] default - All cities are available
[2021-03-29T12:00:28.652] [INFO] default - getting all temperatures from -[object Object]
[2021-03-29T12:00:28.715] [INFO] default - getting all temperatures from -[object Object]
[2021-03-29T12:02:09.631] [INFO] default - getting all temperatures from -[object Object]
[2021-03-29T12:02:09.638] [INFO] default - All cities are available
[2021-03-29T12:02:09.761] [INFO] default - getting all temperatures from -[object Object]
[2021-03-29T12:04:05.007] [INFO] default - getting all temperatures from -[object Object]
[2021-03-29T12:04:05.015] [INFO] default - All cities are available
[2021-03-29T12:04:05.134] [INFO] default - getting all temperatures from -[object Object]
[2021-03-29T12:04:05.193] [INFO] default - getting all temperatures from -[object Object]
[2021-03-29T12:08:51.736] [INFO] default - getting all temperatures from -[object Object]
[2021-03-29T12:08:51.743] [INFO] default - All cities are available
[2021-03-29T12:08:51.863] [INFO] default - getting all temperatures from -[object Object]
[2021-03-29T12:08:51.922] [INFO] default - getting all temperatures from -[object Object]
[2021-03-29T12:10:46.472] [INFO] default - getting all temperatures from -[object Object]
[2021-03-29T12:10:46.474] [INFO] default - All cities are available
[2021-03-29T12:10:46.698] [INFO] default - getting all temperatures from -[object Object]
[2021-03-29T12:10:46.763] [INFO] default - getting all temperatures from -[object Object]
[2021-03-29T12:13:42.460] [INFO] default - getting all temperatures from -[object Object]
[2021-03-29T12:13:42.462] [INFO] default - All cities are available
[2021-03-29T12:13:42.687] [INFO] default - getting all temperatures from -[object Object]
[2021-03-29T12:13:42.739] [INFO] default - getting all temperatures from -[object Object]
[2021-03-29T12:14:40.556] [INFO] default - All cities are available
[2021-03-29T12:14:44.833] [INFO] default - All cities are available
[2021-03-29T12:15:46.810] [INFO] default - All cities are available
[2021-03-29T12:15:49.559] [INFO] default - All cities are available
[2021-03-29T12:15:52.807] [INFO] default - All cities are available
[2021-03-29T12:17:01.204] [INFO] default - All cities are available
[2021-03-29T12:18:24.224] [INFO] default - All cities are available
[2021-03-29T12:18:35.553] [INFO] default - All cities are available
[2021-03-29T12:18:37.304] [INFO] default - All cities are available
[2021-03-29T12:20:33.575] [INFO] default - getting all temperatures from -[object Object]
[2021-03-29T12:20:33.577] [INFO] default - All cities are available
[2021-03-29T12:20:33.736] [INFO] default - getting all temperatures from -[object Object]
[2021-03-29T12:20:33.837] [INFO] default - getting all temperatures from -[object Object]
[2021-03-29T12:20:41.373] [INFO] default - getting all temperatures from -[object Object]
[2021-03-29T12:20:41.375] [INFO] default - All cities are available
[2021-03-29T12:20:41.464] [INFO] default - getting all temperatures from -[object Object]
[2021-03-29T12:20:41.521] [INFO] default - getting all temperatures from -[object Object]
[2021-03-29T12:24:15.038] [INFO] default - All cities are available
[2021-03-29T12:24:52.761] [INFO] default - getting all temperatures from -[object Object]
[2021-03-29T12:24:52.763] [INFO] default - All cities are available
[2021-03-29T12:24:52.883] [INFO] default - getting all temperatures from -[object Object]
[2021-03-29T12:24:52.956] [INFO] default - getting all temperatures from -[object Object]
[2021-03-29T12:26:41.844] [INFO] default - getting all temperatures from -[object Object]
[2021-03-29T12:26:41.846] [INFO] default - All cities are available
[2021-03-29T12:26:42.012] [INFO] default - getting all temperatures from -[object Object]
[2021-03-29T12:26:42.103] [INFO] default - getting all temperatures from -[object Object]
[2021-03-29T12:28:21.133] [INFO] default - getting all temperatures from -[object Object]
[2021-03-29T12:28:21.135] [INFO] default - All cities are available
[2021-03-29T12:28:21.278] [INFO] default - getting all temperatures from -[object Object]
[2021-03-29T12:28:21.348] [INFO] default - getting all temperatures from -[object Object]
[2021-03-29T12:28:24.172] [INFO] default - getting all temperatures from -[object Object]
[2021-03-29T12:28:24.173] [INFO] default - All cities are available
[2021-03-29T12:28:24.445] [INFO] default - getting all temperatures from -[object Object]
[2021-03-29T12:28:24.603] [INFO] default - getting all temperatures from -[object Object]
[2021-03-29T12:28:31.852] [INFO] default - All cities are available
[2021-03-29T12:30:35.040] [INFO] default - All cities are available
[2021-03-29T12:33:52.224] [INFO] default - All cities are available
[2021-03-29T12:33:59.402] [INFO] default - All cities are available
[2021-03-29T12:34:03.036] [INFO] default - All cities are available
[2021-03-29T12:35:05.482] [INFO] default - All cities are available
[2021-03-29T12:35:33.792] [INFO] default - All cities are available
[2021-03-29T12:35:36.269] [INFO] default - All cities are available
[2021-03-29T12:35:37.544] [INFO] default - getting all temperatures from -[object Object]
[2021-03-29T12:35:37.601] [INFO] default - getting all temperatures from -[object Object]
[2021-03-29T12:35:45.573] [INFO] default - getting all temperatures from -[object Object]
[2021-03-29T12:35:45.623] [INFO] default - getting all temperatures from -[object Object]
[2021-03-29T12:36:00.791] [INFO] default - getting all temperatures from -[object Object]
[2021-03-29T12:36:00.828] [INFO] default - getting all temperatures from -[object Object]
[2021-03-29T12:36:08.957] [INFO] default - getting all temperatures from -[object Object]
[2021-03-29T12:36:08.992] [INFO] default - getting all temperatures from -[object Object]
[2021-03-29T12:37:09.318] [INFO] default - All cities are available
[2021-03-29T12:37:14.045] [INFO] default - All cities are available
[2021-03-29T12:37:26.068] [INFO] default - getting all temperatures from -[object Object]
[2021-03-29T12:37:26.126] [INFO] default - getting all temperatures from -[object Object]
[2021-03-29T12:37:31.157] [INFO] default - getting all temperatures from -[object Object]
[2021-03-29T12:37:31.194] [INFO] default - getting all temperatures from -[object Object]
[2021-03-29T12:37:35.723] [INFO] default - getting all temperatures from -[object Object]
[2021-03-29T12:37:35.764] [INFO] default - getting all temperatures from -[object Object]
[2021-03-29T12:37:51.760] [INFO] default - getting all temperatures from -[object Object]
[2021-03-29T12:37:51.811] [INFO] default - getting all temperatures from -[object Object]
[2021-03-29T12:37:53.979] [INFO] default - getting all temperatures from -[object Object]
[2021-03-29T12:37:54.002] [INFO] default - getting all temperatures from -[object Object]
[2021-03-29T12:39:04.980] [INFO] default - All cities are available
[2021-03-29T12:39:21.762] [INFO] default - All cities are available
[2021-03-29T12:39:34.848] [INFO] default - getting all temperatures from -[object Object]
[2021-03-29T12:39:34.878] [INFO] default - getting all temperatures from -[object Object]
[2021-03-29T12:39:37.183] [INFO] default - getting all temperatures from -[object Object]
[2021-03-29T12:39:37.200] [INFO] default - getting all temperatures from -[object Object]
[2021-03-29T12:39:39.337] [INFO] default - getting all temperatures from -[object Object]
[2021-03-29T12:39:39.355] [INFO] default - getting all temperatures from -[object Object]
[2021-03-29T13:04:20.311] [INFO] default - All cities are available
[2021-03-29T13:04:22.407] [INFO] default - getting all temperatures from -[object Object]
[2021-03-29T13:04:23.928] [INFO] default - getting all temperatures from -[object Object]
[2021-03-29T13:04:25.290] [INFO] default - getting all temperatures from -[object Object]
[2021-03-29T13:04:27.045] [INFO] default - getting all temperatures from -[object Object]
[2021-03-29T13:04:36.759] [INFO] default - getting all temperatures from -[object Object]
[2021-03-29T13:05:07.762] [INFO] default - All cities are available
[2021-03-29T13:05:08.987] [INFO] default - getting all temperatures from -[object Object]
[2021-03-29T13:05:09.025] [INFO] default - getting all temperatures from -undefined
[2021-03-29T13:41:29.525] [INFO] default - All cities are available
[2021-03-29T13:41:31.758] [INFO] default - getting all temperatures from -[object Object]
[2021-03-29T13:42:27.101] [INFO] default - All cities are available
[2021-03-29T13:43:16.337] [INFO] default - All cities are available
[2021-03-29T13:43:17.545] [INFO] default - getting all temperatures from -[object Object]
[2021-03-29T13:58:24.032] [INFO] default - All cities are available
[2021-03-29T13:58:30.666] [INFO] default - All cities are available
[2021-03-29T13:59:12.729] [INFO] default - All cities are available
[2021-03-29T13:59:17.227] [INFO] default - getting all temperatures from -[object Object]
[2021-03-29T14:00:52.726] [INFO] default - All cities are available
[2021-03-29T14:01:00.803] [INFO] default - getting all temperatures from -[object Object]
[2021-03-29T14:02:36.226] [INFO] default - All cities are available
[2021-03-29T14:02:37.422] [INFO] default - getting all temperatures from -[object Object]
[2021-03-29T14:03:33.521] [INFO] default - All cities are available
[2021-03-29T14:03:37.710] [INFO] default - getting all temperatures from -[object Object]
[2021-03-29T14:03:37.760] [INFO] default - getting all temperatures from -undefined
[2021-03-29T14:03:37.963] [INFO] default - getting all temperatures from -undefined
[2021-03-29T14:04:20.331] [INFO] default - All cities are available
[2021-03-29T14:04:27.638] [INFO] default - getting all temperatures from -[object Object]
[2021-03-29T14:04:27.677] [INFO] default - getting all temperatures from -undefined
[2021-03-29T14:07:59.414] [INFO] default - All cities are available
[2021-03-29T14:08:02.623] [INFO] default - getting all temperatures from -[object Object]
[2021-03-29T14:09:07.985] [INFO] default - All cities are available
[2021-03-29T14:09:12.011] [INFO] default - All cities are available
[2021-03-29T14:09:18.165] [INFO] default - getting all temperatures from -[object Object]
[2021-03-29T14:09:18.211] [INFO] default - getting all temperatures from -undefined
[2021-03-29T14:09:36.672] [INFO] default - All cities are available
[2021-03-29T14:10:08.282] [INFO] default - getting all temperatures from -[object Object]
[2021-03-29T14:10:08.315] [INFO] default - getting all temperatures from -undefined
[2021-03-29T14:10:16.167] [INFO] default - getting all temperatures from -[object Object]
[2021-03-29T14:10:16.198] [INFO] default - getting all temperatures from -undefined
[2021-03-29T14:10:51.621] [INFO] default - All cities are available
[2021-03-29T14:13:32.374] [INFO] default - All cities are available
[2021-03-29T14:13:40.838] [INFO] default - All cities are available
[2021-03-29T14:14:31.438] [INFO] default - All cities are available
[2021-03-29T14:14:42.360] [INFO] default - All cities are available
[2021-03-29T14:14:51.966] [INFO] default - All cities are available
[2021-03-29T14:15:35.353] [INFO] default - All cities are available
[2021-03-29T14:15:48.558] [INFO] default - All cities are available
[2021-03-29T14:15:57.867] [INFO] default - getting all temperatures from -[object Object]
[2021-03-29T14:15:57.902] [INFO] default - getting all temperatures from -undefined
[2021-03-29T14:27:32.988] [INFO] default - All cities are available
[2021-03-29T14:27:42.269] [INFO] default - All cities are available
[2021-03-29T14:27:48.705] [INFO] default - getting all temperatures from -[object Object]
[2021-03-29T14:27:57.045] [INFO] default - All cities are available
[2021-03-29T14:27:59.852] [INFO] default - getting all temperatures from -[object Object]
[2021-03-29T14:31:57.098] [INFO] default - All cities are available
[2021-03-29T14:31:58.114] [INFO] default - getting all temperatures from -[object Object]
[2021-03-29T14:47:53.500] [INFO] default - All cities are available
[2021-03-29T14:48:15.819] [INFO] default - getting all temperatures from -[object Object]
[2021-03-29T14:48:39.121] [INFO] default - All cities are available
[2021-03-29T14:48:40.928] [INFO] default - getting all temperatures from -[object Object]
[2021-03-29T14:49:36.741] [INFO] default - All cities are available
[2021-03-29T14:49:40.951] [INFO] default - getting all temperatures from -[object Object]
[2021-03-29T14:54:24.221] [INFO] default - All cities are available
[2021-03-29T14:54:26.271] [INFO] default - getting all temperatures from -[object Object]
[2021-03-29T14:54:46.410] [INFO] default - All cities are available
[2021-03-29T14:54:49.018] [INFO] default - getting all temperatures from -[object Object]
[2021-03-29T14:55:01.698] [INFO] default - All cities are available
[2021-03-29T14:55:03.850] [INFO] default - getting all temperatures from -[object Object]
[2021-03-29T15:02:41.432] [INFO] default - All cities are available
[2021-03-29T15:02:46.234] [INFO] default - getting all temperatures from -[object Object]
[2021-03-29T15:05:46.814] [INFO] default - All cities are available
[2021-03-29T15:05:49.933] [INFO] default - getting all temperatures from -[object Object]
[2021-03-29T15:07:11.425] [INFO] default - All cities are available
[2021-03-29T15:07:12.735] [INFO] default - getting all temperatures from -[object Object]
[2021-03-29T15:08:46.046] [INFO] default - All cities are available
[2021-03-29T15:08:47.325] [INFO] default - getting all temperatures from -[object Object]
[2021-03-29T15:10:21.718] [INFO] default - All cities are available
[2021-03-29T15:10:24.439] [INFO] default - getting all temperatures from -[object Object]
[2021-03-29T15:11:24.329] [INFO] default - All cities are available
[2021-03-29T15:11:27.836] [INFO] default - All cities are available
[2021-03-29T15:11:29.216] [INFO] default - getting all temperatures from -[object Object]
[2021-03-29T15:17:10.889] [INFO] default - All cities are available
[2021-03-29T15:17:12.798] [INFO] default - getting all temperatures from -[object Object]
[2021-03-29T15:17:24.627] [INFO] default - getting all temperatures from -[object Object]
[2021-03-29T15:18:14.111] [INFO] default - getting all temperatures from -[object Object]
[2021-03-29T15:19:14.705] [INFO] default - All cities are available
[2021-03-29T15:19:16.678] [INFO] default - getting all temperatures from -[object Object]
[2021-03-29T15:19:24.802] [INFO] default - All cities are available
[2021-03-29T15:19:26.158] [INFO] default - getting all temperatures from -[object Object]
[2021-03-29T15:21:05.942] [INFO] default - All cities are available
[2021-03-29T15:21:07.311] [INFO] default - getting all temperatures from -[object Object]
[2021-03-29T15:22:17.998] [INFO] default - All cities are available
[2021-03-29T15:22:19.245] [INFO] default - getting all temperatures from -[object Object]
[2021-03-29T19:53:51.427] [INFO] default - All cities are available
[2021-03-29T19:53:53.145] [INFO] default - getting all temperatures from -[object Object]
[2021-03-29T19:56:01.859] [INFO] default - getting all temperatures from -[object Object]
[2021-03-29T21:47:39.048] [INFO] default - All cities are available
[2021-03-29T21:47:40.951] [INFO] default - getting all temperatures from -[object Object]
[2021-03-29T21:48:16.767] [INFO] default - All cities are available
[2021-03-29T21:48:18.328] [INFO] default - getting all temperatures from -[object Object]
[2021-03-29T21:49:38.701] [INFO] default - All cities are available
[2021-03-29T21:49:40.280] [INFO] default - getting all temperatures from -undefined
[2021-03-29T21:51:48.966] [INFO] default - All cities are available
[2021-03-29T21:51:52.652] [INFO] default - getting all temperatures from -[object Object]
[2021-03-29T21:52:27.802] [INFO] default - All cities are available
[2021-03-29T21:52:30.253] [INFO] default - getting all temperatures from -undefined
[2021-03-29T21:56:41.154] [INFO] default - All cities are available
[2021-03-29T21:56:42.797] [INFO] default - getting all temperatures from -undefined
[2021-03-29T21:57:31.520] [INFO] default - All cities are available
[2021-03-29T21:57:33.962] [INFO] default - getting all temperatures from -undefined
[2021-03-29T21:58:01.120] [INFO] default - All cities are available
[2021-03-29T21:58:06.551] [INFO] default - getting all temperatures from -undefined
[2021-03-29T22:02:08.189] [INFO] default - All cities are available
[2021-03-29T22:02:09.388] [INFO] default - getting all temperatures from -undefined
[2021-03-29T22:02:17.546] [INFO] default - getting all temperatures from -undefined
[2021-03-29T22:03:15.942] [INFO] default - All cities are available
[2021-03-29T22:03:17.222] [INFO] default - getting all temperatures from -undefined
[2021-03-29T22:03:23.422] [INFO] default - getting all temperatures from -undefined
[2021-03-29T22:03:45.569] [INFO] default - All cities are available
[2021-03-29T22:03:47.370] [INFO] default - getting all temperatures from -undefined
[2021-03-29T22:11:39.241] [INFO] default - All cities are available
[2021-03-29T22:11:40.706] [INFO] default - getting all temperatures from -undefined
[2021-03-29T22:19:42.886] [INFO] default - All cities are available
[2021-03-29T22:19:45.842] [INFO] default - getting all temperatures from -undefined
[2021-03-29T22:20:17.216] [INFO] default - All cities are available
[2021-03-29T22:20:18.702] [INFO] default - getting all temperatures from -undefined
[2021-03-29T22:21:14.188] [INFO] default - getting all temperatures from -undefined
[2021-03-29T22:25:17.411] [INFO] default - All cities are available
[2021-03-29T22:25:18.536] [INFO] default - getting all temperatures from -undefined
[2021-03-29T22:28:09.006] [INFO] default - All cities are available
[2021-03-29T22:28:09.918] [INFO] default - getting all temperatures from -undefined
[2021-03-29T22:31:11.702] [INFO] default - All cities are available
[2021-03-29T22:31:12.797] [INFO] default - getting all temperatures from -undefined
[2021-03-29T22:45:05.276] [INFO] default - All cities are available
[2021-03-29T22:45:06.208] [INFO] default - getting all temperatures from -undefined
[2021-03-29T22:45:13.621] [INFO] default - getting all temperatures from -undefined
[2021-03-29T22:51:23.921] [INFO] default - All cities are available
[2021-03-29T22:51:25.114] [INFO] default - getting all temperatures from -undefined
[2021-03-29T22:59:16.934] [INFO] default - All cities are available
[2021-03-29T22:59:17.933] [INFO] default - getting all temperatures from -undefined
[2021-03-29T22:59:41.303] [INFO] default - All cities are available
[2021-03-29T22:59:43.272] [INFO] default - getting all temperatures from -undefined
[2021-03-29T23:00:15.208] [INFO] default - All cities are available
[2021-03-29T23:00:16.198] [INFO] default - getting all temperatures from -undefined
[2021-03-29T23:00:37.161] [INFO] default - All cities are available
[2021-03-29T23:00:38.556] [INFO] default - getting all temperatures from -undefined
[2021-03-29T23:09:33.929] [INFO] default - All cities are available
[2021-03-29T23:09:35.013] [INFO] default - getting all temperatures from -undefined
[2021-03-29T23:30:54.717] [INFO] default - All cities are available
[2021-03-29T23:30:55.693] [INFO] default - getting all temperatures from -undefined
[2021-03-29T23:31:12.194] [INFO] default - All cities are available
[2021-03-29T23:31:13.116] [INFO] default - getting all temperatures from -undefined
[2021-03-29T23:43:06.840] [INFO] default - All cities are available
[2021-03-29T23:44:24.509] [INFO] default - All cities are available
[2021-03-29T23:44:51.078] [INFO] default - All cities are available
[2021-03-29T23:45:24.025] [INFO] default - All cities are available
[2021-03-29T23:45:55.215] [INFO] default - All cities are available
[2021-03-29T23:46:18.024] [INFO] default - All cities are available
[2021-03-29T23:49:05.104] [INFO] default - All cities are available
[2021-03-29T23:49:59.810] [INFO] default - All cities are available
[2021-03-29T23:50:43.951] [INFO] default - All cities are available
[2021-03-29T23:51:30.899] [INFO] default - All cities are available
[2021-03-29T23:52:27.854] [INFO] default - All cities are available
[2021-03-29T23:53:07.767] [INFO] default - All cities are available
[2021-03-29T23:55:04.832] [INFO] default - All cities are available
[2021-03-29T23:55:57.527] [INFO] default - All cities are available
[2021-03-30T00:04:25.455] [INFO] default - All cities are available
[2021-03-30T00:04:47.259] [INFO] default - All cities are available
[2021-03-30T00:31:10.160] [INFO] default - All cities are available
[2021-03-30T00:35:12.706] [INFO] default - All cities are available
[2021-03-30T00:36:01.268] [INFO] default - All cities are available
[2021-03-30T00:36:53.162] [INFO] default - All cities are available
[2021-03-30T00:37:14.492] [INFO] default - All cities are available
[2021-03-30T00:37:43.074] [INFO] default - All cities are available
[2021-03-30T00:39:29.910] [INFO] default - All cities are available
[2021-03-30T00:41:23.934] [INFO] default - All cities are available
[2021-03-30T00:46:03.957] [INFO] default - All cities are available
[2021-03-30T00:46:49.054] [INFO] default - All cities are available
[2021-03-30T00:47:08.114] [INFO] default - All cities are available
[2021-03-30T00:47:44.912] [INFO] default - All cities are available
[2021-03-30T00:48:41.214] [INFO] default - All cities are available
[2021-03-30T00:49:04.150] [INFO] default - All cities are available
[2021-03-30T00:50:20.276] [INFO] default - All cities are available
[2021-03-30T00:55:38.558] [INFO] default - All cities are available
[2021-03-30T00:56:12.221] [INFO] default - All cities are available
[2021-03-30T00:57:54.933] [INFO] default - All cities are available
[2021-03-30T00:59:33.720] [INFO] default - All cities are available
[2021-03-30T01:01:25.708] [INFO] default - All cities are available
[2021-03-30T01:03:05.998] [INFO] default - All cities are available
[2021-03-30T01:04:10.377] [INFO] default - All cities are available
